Listening for transport dt_socket at address: 8000
16:53:12,957 INFO  ~ Starting /Users/magnus/Documents/play-projects/gridlocked
16:53:13,459 WARN  ~ You're running Play! in DEV mode
16:53:13,555 INFO  ~ Listening for HTTP on port 9548 (Waiting a first request to start) ...
16:53:25,472 INFO  ~ Application 'gridlocked' is now started !
09:43:14,511 ERROR ~ 

@6hhocoal2
content.abff6 action not found

Action not found
Action content.abff6 could not be found. Error raised is Controller controllers.content not found

play.exceptions.ActionNotFoundException: Action content.abff6 not found
	at play.mvc.ActionInvoker.getActionMethod(ActionInvoker.java:588)
	at play.mvc.ActionInvoker.resolve(ActionInvoker.java:85)
	at Invocation.HTTP Request(Play!)
Caused by: java.lang.Exception: Controller controllers.content not found
	... 3 more
09:43:31,837 ERROR ~ 

@6hhocoal3
content.abff6 action not found

Action not found
Action content.abff6 could not be found. Error raised is Controller controllers.content not found

play.exceptions.ActionNotFoundException: Action content.abff6 not found
	at play.mvc.ActionInvoker.getActionMethod(ActionInvoker.java:588)
	at play.mvc.ActionInvoker.resolve(ActionInvoker.java:85)
	at Invocation.HTTP Request(Play!)
Caused by: java.lang.Exception: Controller controllers.content not found
	... 3 more
09:43:32,633 ERROR ~ 

@6hhocoal4
content.abff6 action not found

Action not found
Action content.abff6 could not be found. Error raised is Controller controllers.content not found

play.exceptions.ActionNotFoundException: Action content.abff6 not found
	at play.mvc.ActionInvoker.getActionMethod(ActionInvoker.java:588)
	at play.mvc.ActionInvoker.resolve(ActionInvoker.java:85)
	at Invocation.HTTP Request(Play!)
Caused by: java.lang.Exception: Controller controllers.content not found
	... 3 more
09:45:02,543 ERROR ~ 

@6hhocoal5
Application.content action not found

Action not found
Action Application.content could not be found. Error raised is No method public static void content() was found in class controllers.Application

play.exceptions.ActionNotFoundException: Action Application.content not found
	at play.mvc.ActionInvoker.getActionMethod(ActionInvoker.java:599)
	at play.mvc.ActionInvoker.resolve(ActionInvoker.java:85)
	at Invocation.HTTP Request(Play!)
Caused by: java.lang.Exception: No method public static void content() was found in class controllers.Application
	... 3 more
